<?xml version="1.0" encoding="UTF-8"?>
<testng-results skipped="0" failed="0" ignored="0" total="1" passed="1">
  <reporter-output>
  </reporter-output>
  <suite name="Default suite" duration-ms="21932" started-at="2018-08-21T17:24:23Z" finished-at="2018-08-21T17:24:45Z">
    <groups>
    </groups>
    <test name="Default test" duration-ms="21932" started-at="2018-08-21T17:24:23Z" finished-at="2018-08-21T17:24:45Z">
      <class name="Automation.Automation">
        <test-method status="PASS" signature="launchSelenium()[pri:0, instance:Automation.Automation@27efef64]" name="launchSelenium" is-config="true" duration-ms="21046" started-at="2018-08-21T17:24:23Z" finished-at="2018-08-21T17:24:44Z">
          <reporter-output>
          </reporter-output>
        </test-method> <!-- launchSelenium -->
        <test-method status="PASS" signature="startForm()[pri:0, instance:Automation.Automation@27efef64]" name="startForm" duration-ms="854" started-at="2018-08-21T17:24:44Z" finished-at="2018-08-21T17:24:45Z">
          <reporter-output>
          </reporter-output>
        </test-method> <!-- startForm -->
      </class> <!-- Automation.Automation -->
    </test> <!-- Default test -->
  </suite> <!-- Default suite -->
</testng-results>
